** Test 1: distanceOne list size... distanceOne returned 5 words.
** Test 2: distanceOne words returned... 
words,
lord,
ward,
wore,
worn,


** Test 3: distanceOne list size False returned 230 words.



#############These tests are mine
** Test ****: Substitution list size... Substitution returned 100 words.
** Test ****Double: Substitution words are... 
aord,
bord,
cord,
dord,
eord,
ford,
gord,
hord,
iord,
jord,
kord,
lord,
mord,
nord,
oord,
pord,
qord,
rord,
sord,
tord,
uord,
vord,
xord,
yord,
zord,
ward,
wbrd,
wcrd,
wdrd,
werd,
wfrd,
wgrd,
whrd,
wird,
wjrd,
wkrd,
wlrd,
wmrd,
wnrd,
wprd,
wqrd,
wrrd,
wsrd,
wtrd,
wurd,
wvrd,
wwrd,
wxrd,
wyrd,
wzrd,
woad,
wobd,
wocd,
wodd,
woed,
wofd,
wogd,
wohd,
woid,
wojd,
wokd,
wold,
womd,
wond,
wood,
wopd,
woqd,
wosd,
wotd,
woud,
wovd,
wowd,
woxd,
woyd,
wozd,
wora,
worb,
worc,
wore,
worf,
worg,
worh,
wori,
worj,
work,
worl,
worm,
worn,
woro,
worp,
worq,
worr,
wors,
wort,
woru,
worv,
worw,
worx,
wory,
worz,
#################



** Test 4: deletions list size... deletions returned 6 words.



** Test 5: deletions words returned... deletions returned: 
akers,
mkers,
maers,
makrs,
makes,
maker,


** Test 6: insertions list size... insertions returned 76 words.



** Test 7: insertions words returned... insertions returned: 
aor,
bor,
cor,
dor,
eor,
for,
gor,
hor,
ior,
jor,
kor,
lor,
mor,
nor,
oor,
por,
qor,
ror,
sor,
tor,
uor,
vor,
wor,
xor,
yor,
zor,
oar,
obr,
ocr,
odr,
oer,
ofr,
ogr,
ohr,
oir,
ojr,
okr,
olr,
omr,
onr,
opr,
oqr,
orr,
osr,
otr,
our,
ovr,
owr,
oxr,
oyr,
ozr,
ora,
orb,
orc,
ord,
ore,
orf,
org,
orh,
ori,
orj,
ork,
orl,
orm,
orn,
oro,
orp,
orq,
ors,
ort,
oru,
orv,
orw,
orx,
ory,
orz,Total: 76
Tests complete. Check that everything looks right.
